The system is: Windows - 10.0.22631 - AMD64
Compiling the C compiler identification source file "CMakeCCompilerId.c" succeeded.
Compiler: C:/Program Files/JetBrains/CLion 2022.3/bin/mingw/bin/gcc.exe 
Build flags: 
Id flags:  

The output was:
0


Compilation of the C compiler identification source "CMakeCCompilerId.c" produced "a.exe"

The C compiler identification is GNU, found in "C:/Users/benrr/Documents/ExtraCS/ChessEngine/cmake-build-debug/CMakeFiles/3.24.2/CompilerIdC/a.exe"

Compiling the CXX compiler identification source file "CMakeCXXCompilerId.cpp" succeeded.
Compiler: C:/Program Files/JetBrains/CLion 2022.3/bin/mingw/bin/g++.exe 
Build flags: 
Id flags:  

The output was:
0


Compilation of the CXX compiler identification source "CMakeCXXCompilerId.cpp" produced "a.exe"

The CXX compiler identification is GNU, found in "C:/Users/benrr/Documents/ExtraCS/ChessEngine/cmake-build-debug/CMakeFiles/3.24.2/CompilerIdCXX/a.exe"

Determining if the C compiler works passed with the following output:
Change Dir: C:/Users/benrr/Documents/ExtraCS/ChessEngine/cmake-build-debug/CMakeFiles/CMakeTmp

Run Build Command(s):C:/PROGRA~1/JETBRA~1/CLION2~1.3/bin/mingw/bin/mingw32-make.exe -f Makefile cmTC_a4b03/fast && C:/PROGRA~1/JETBRA~1/CLION2~1.3/bin/mingw/bin/mingw32-make.exe  -f CMakeFiles\cmTC_a4b03.dir\build.make CMakeFiles/cmTC_a4b03.dir/build
mingw32-make[1]: Entering directory 'C:/Users/benrr/Documents/ExtraCS/ChessEngine/cmake-build-debug/CMakeFiles/CMakeTmp'
Building C object CMakeFiles/cmTC_a4b03.dir/testCCompiler.c.obj
C:\PROGRA~1\JETBRA~1\CLION2~1.3\bin\mingw\bin\gcc.exe   -fdiagnostics-color=always -o CMakeFiles\cmTC_a4b03.dir\testCCompiler.c.obj -c C:\Users\benrr\Documents\ExtraCS\ChessEngine\cmake-build-debug\CMakeFiles\CMakeTmp\testCCompiler.c
Linking C executable cmTC_a4b03.exe
"C:\Program Files\JetBrains\CLion 2022.3\bin\cmake\win\bin\cmake.exe" -E cmake_link_script CMakeFiles\cmTC_a4b03.dir\link.txt --verbose=1
"C:\Program Files\JetBrains\CLion 2022.3\bin\cmake\win\bin\cmake.exe" -E rm -f CMakeFiles\cmTC_a4b03.dir/objects.a
C:\PROGRA~1\JETBRA~1\CLION2~1.3\bin\mingw\bin\ar.exe qc CMakeFiles\cmTC_a4b03.dir/objects.a @CMakeFiles\cmTC_a4b03.dir\objects1.rsp
C:\PROGRA~1\JETBRA~1\CLION2~1.3\bin\mingw\bin\gcc.exe -Wl,--whole-archive CMakeFiles\cmTC_a4b03.dir/objects.a -Wl,--no-whole-archive -o cmTC_a4b03.exe -Wl,--out-implib,libcmTC_a4b03.dll.a -Wl,--major-image-version,0,--minor-image-version,0 @CMakeFiles\cmTC_a4b03.dir\linklibs.rsp
mingw32-make[1]: Leaving directory 'C:/Users/benrr/Documents/ExtraCS/ChessEngine/cmake-build-debug/CMakeFiles/CMakeTmp'



Determining if the CXX compiler works passed with the following output:
Change Dir: C:/Users/benrr/Documents/ExtraCS/ChessEngine/cmake-build-debug/CMakeFiles/CMakeTmp

Run Build Command(s):C:/PROGRA~1/JETBRA~1/CLION2~1.3/bin/mingw/bin/mingw32-make.exe -f Makefile cmTC_449c3/fast && C:/PROGRA~1/JETBRA~1/CLION2~1.3/bin/mingw/bin/mingw32-make.exe  -f CMakeFiles\cmTC_449c3.dir\build.make CMakeFiles/cmTC_449c3.dir/build
mingw32-make[1]: Entering directory 'C:/Users/benrr/Documents/ExtraCS/ChessEngine/cmake-build-debug/CMakeFiles/CMakeTmp'
Building CXX object CMakeFiles/cmTC_449c3.dir/testCXXCompiler.cxx.obj
C:\PROGRA~1\JETBRA~1\CLION2~1.3\bin\mingw\bin\G__~1.EXE   -fdiagnostics-color=always -o CMakeFiles\cmTC_449c3.dir\testCXXCompiler.cxx.obj -c C:\Users\benrr\Documents\ExtraCS\ChessEngine\cmake-build-debug\CMakeFiles\CMakeTmp\testCXXCompiler.cxx
Linking CXX executable cmTC_449c3.exe
"C:\Program Files\JetBrains\CLion 2022.3\bin\cmake\win\bin\cmake.exe" -E cmake_link_script CMakeFiles\cmTC_449c3.dir\link.txt --verbose=1
"C:\Program Files\JetBrains\CLion 2022.3\bin\cmake\win\bin\cmake.exe" -E rm -f CMakeFiles\cmTC_449c3.dir/objects.a
C:\PROGRA~1\JETBRA~1\CLION2~1.3\bin\mingw\bin\ar.exe qc CMakeFiles\cmTC_449c3.dir/objects.a @CMakeFiles\cmTC_449c3.dir\objects1.rsp
C:\PROGRA~1\JETBRA~1\CLION2~1.3\bin\mingw\bin\G__~1.EXE -Wl,--whole-archive CMakeFiles\cmTC_449c3.dir/objects.a -Wl,--no-whole-archive -o cmTC_449c3.exe -Wl,--out-implib,libcmTC_449c3.dll.a -Wl,--major-image-version,0,--minor-image-version,0 @CMakeFiles\cmTC_449c3.dir\linklibs.rsp
mingw32-make[1]: Leaving directory 'C:/Users/benrr/Documents/ExtraCS/ChessEngine/cmake-build-debug/CMakeFiles/CMakeTmp'



